Release 14.7 - xst P.20131013 (nt64)
Copyright (c) 1995-2013 Xilinx, Inc.  All rights reserved.
--> Parameter TMPDIR set to xst/projnav.tmp


Total REAL time to Xst completion: 0.00 secs
Total CPU time to Xst completion: 0.07 secs
 
--> Parameter xsthdpdir set to xst


Total REAL time to Xst completion: 0.00 secs
Total CPU time to Xst completion: 0.07 secs
 
--> Reading design: RGBtoLED.prj

TABLE OF CONTENTS
  1) Synthesis Options Summary
  2) HDL Compilation
  3) Design Hierarchy Analysis
  4) HDL Analysis
  5) HDL Synthesis
     5.1) HDL Synthesis Report
  6) Advanced HDL Synthesis
     6.1) Advanced HDL Synthesis Report
  7) Low Level Synthesis
  8) Partition Report
  9) Final Report
	9.1) Device utilization summary
	9.2) Partition Resource Summary
	9.3) TIMING REPORT


=========================================================================
*                      Synthesis Options Summary                        *
=========================================================================
---- Source Parameters
Input File Name                    : "RGBtoLED.prj"
Input Format                       : mixed
Ignore Synthesis Constraint File   : NO

---- Target Parameters
Output File Name                   : "RGBtoLED"
Output Format                      : NGC
Target Device                      : xc3s500e-4-fg320

---- Source Options
Top Module Name                    : RGBtoLED
Automatic FSM Extraction           : YES
FSM Encoding Algorithm             : Auto
Safe Implementation                : No
FSM Style                          : LUT
RAM Extraction                     : Yes
RAM Style                          : Auto
ROM Extraction                     : Yes
Mux Style                          : Auto
Decoder Extraction                 : YES
Priority Encoder Extraction        : Yes
Shift Register Extraction          : YES
Logical Shifter Extraction         : YES
XOR Collapsing                     : YES
ROM Style                          : Auto
Mux Extraction                     : Yes
Resource Sharing                   : YES
Asynchronous To Synchronous        : NO
Multiplier Style                   : Auto
Automatic Register Balancing       : No

---- Target Options
Add IO Buffers                     : YES
Global Maximum Fanout              : 100000
Add Generic Clock Buffer(BUFG)     : 24
Register Duplication               : YES
Slice Packing                      : YES
Optimize Instantiated Primitives   : NO
Use Clock Enable                   : Yes
Use Synchronous Set                : Yes
Use Synchronous Reset              : Yes
Pack IO Registers into IOBs        : Auto
Equivalent register Removal        : YES

---- General Options
Optimization Goal                  : Speed
Optimization Effort                : 1
Keep Hierarchy                     : No
Netlist Hierarchy                  : As_Optimized
RTL Output                         : Yes
Global Optimization                : AllClockNets
Read Cores                         : YES
Write Timing Constraints           : NO
Cross Clock Analysis               : NO
Hierarchy Separator                : /
Bus Delimiter                      : <>
Case Specifier                     : Maintain
Slice Utilization Ratio            : 100
BRAM Utilization Ratio             : 100
Verilog 2001                       : YES
Auto BRAM Packing                  : NO
Slice Utilization Ratio Delta      : 5

=========================================================================


=========================================================================
*                          HDL Compilation                              *
=========================================================================
Compiling vhdl file "C:/codes/ledmatrix_vhdl/bitSender.vhd" in Library work.
Architecture behavioral of Entity bitsender is up to date.
Compiling vhdl file "C:/codes/ledmatrix_vhdl/RGBtoLED.vhd" in Library work.
Entity <rgbtoled> compiled.
Entity <rgbtoled> (Architecture <behavioral>) compiled.

=========================================================================
*                     Design Hierarchy Analysis                         *
=========================================================================
Analyzing hierarchy for entity <RGBtoLED> in library <work> (architecture <behavioral>).
WARNING:Xst:2094 - "C:/codes/ledmatrix_vhdl/RGBtoLED.vhd" line 52: Default value is ignored for signal <colourData>.
WARNING:Xst:2094 - "C:/codes/ledmatrix_vhdl/RGBtoLED.vhd" line 53: Default value is ignored for signal <currentBit>.

Analyzing hierarchy for entity <bitSender> in library <work> (architecture <Behavioral>).


=========================================================================
*                            HDL Analysis                               *
=========================================================================
Analyzing Entity <RGBtoLED> in library <work> (Architecture <behavioral>).
WARNING:Xst:2094 - "C:/codes/ledmatrix_vhdl/RGBtoLED.vhd" line 52: Default value is ignored for signal <colourData>.
WARNING:Xst:2094 - "C:/codes/ledmatrix_vhdl/RGBtoLED.vhd" line 53: Default value is ignored for signal <currentBit>.
WARNING:Xst:819 - "C:/codes/ledmatrix_vhdl/RGBtoLED.vhd" line 72: One or more signals are missing in the process sensitivity list. To enable synthesis of FPGA/CPLD hardware, XST will assume that all necessary signals are present in the sensitivity list. Please note that the result of the synthesis may differ from the initial design specification. The missing signals are:
   <g>, <r>, <b>
Entity <RGBtoLED> analyzed. Unit <RGBtoLED> generated.

Analyzing Entity <bitSender> in library <work> (Architecture <Behavioral>).
WARNING:Xst:819 - "C:/codes/ledmatrix_vhdl/bitSender.vhd" line 57: One or more signals are missing in the process sensitivity list. To enable synthesis of FPGA/CPLD hardware, XST will assume that all necessary signals are present in the sensitivity list. Please note that the result of the synthesis may differ from the initial design specification. The missing signals are:
   <en>, <State>, <input>, <wr>
Entity <bitSender> analyzed. Unit <bitSender> generated.


=========================================================================
*                           HDL Synthesis                               *
=========================================================================

Performing bidirectional port resolution...

Synthesizing Unit <bitSender>.
    Related source file is "C:/codes/ledmatrix_vhdl/bitSender.vhd".
WARNING:Xst:737 - Found 5-bit latch for signal <State>. Latches may be generated from incomplete case or if statements. We do not recommend the use of latches in FPGA/CPLD designs, as they may lead to timing problems.
WARNING:Xst:737 - Found 1-bit latch for signal <sent>. Latches may be generated from incomplete case or if statements. We do not recommend the use of latches in FPGA/CPLD designs, as they may lead to timing problems.
WARNING:Xst:737 - Found 1-bit latch for signal <output>. Latches may be generated from incomplete case or if statements. We do not recommend the use of latches in FPGA/CPLD designs, as they may lead to timing problems.
WARNING:Xst:737 - Found 1-bit latch for signal <bitToSend>. Latches may be generated from incomplete case or if statements. We do not recommend the use of latches in FPGA/CPLD designs, as they may lead to timing problems.
INFO:Xst:2117 - HDL ADVISOR - Mux Selector <State> of Case statement line 63 was re-encoded using one-hot encoding. The case statement will be optimized (default statement optimization), but this optimization may lead to design initialization problems. To ensure the design works safely, you can:
   	- add an 'INIT' attribute on signal <State> (optimization is then done without any risk)
   	- use the attribute 'signal_encoding user' to avoid onehot optimization
   	- use the attribute 'safe_implementation yes' to force XST to perform a safe (but less efficient) optimization
    Using one-hot encoding for signal <State>.
INFO:Xst:2117 - HDL ADVISOR - Mux Selector <State> of Case statement line 63 was re-encoded using one-hot encoding. The case statement will be optimized (default statement optimization), but this optimization may lead to design initialization problems. To ensure the design works safely, you can:
   	- add an 'INIT' attribute on signal <State> (optimization is then done without any risk)
   	- use the attribute 'signal_encoding user' to avoid onehot optimization
   	- use the attribute 'safe_implementation yes' to force XST to perform a safe (but less efficient) optimization
    Found 10-bit up counter for signal <delayCounter>.
    Found 1-bit register for signal <switchState>.
    Found 11-bit comparator less for signal <switchState$cmp_lt0000> created at line 111.
    Summary:
	inferred   1 Counter(s).
	inferred   1 D-type flip-flop(s).
	inferred   1 Comparator(s).
Unit <bitSender> synthesized.


Synthesizing Unit <RGBtoLED>.
    Related source file is "C:/codes/ledmatrix_vhdl/RGBtoLED.vhd".
    Found finite state machine <FSM_0> for signal <State>.
    -----------------------------------------------------------------------
    | States             | 3                                              |
    | Transitions        | 6                                              |
    | Inputs             | 2                                              |
    | Outputs            | 3                                              |
    | Clock              | clk                       (rising_edge)        |
    | Clock enable       | State$and0000             (positive)           |
    | Power Up State     | idle                                           |
    | Encoding           | automatic                                      |
    | Implementation     | LUT                                            |
    -----------------------------------------------------------------------
    Found 1-bit register for signal <rdy>.
    Found 24-bit register for signal <colourData>.
    Found 1-bit register for signal <currentBit>.
    Found 1-bit register for signal <sendBit>.
    Found 32-bit register for signal <sentNum>.
    Found 32-bit adder for signal <sentNum$addsub0000> created at line 98.
    Found 32-bit comparator less for signal <State$cmp_lt0000> created at line 93.
    Summary:
	inferred   1 Finite State Machine(s).
	inferred  59 D-type flip-flop(s).
	inferred   1 Adder/Subtractor(s).
	inferred   1 Comparator(s).
Unit <RGBtoLED> synthesized.


=========================================================================
HDL Synthesis Report

Macro Statistics
# Adders/Subtractors                                   : 1
 32-bit adder                                          : 1
# Counters                                             : 1
 10-bit up counter                                     : 1
# Registers                                            : 28
 1-bit register                                        : 27
 32-bit register                                       : 1
# Latches                                              : 4
 1-bit latch                                           : 3
 5-bit latch                                           : 1
# Comparators                                          : 2
 11-bit comparator less                                : 1
 32-bit comparator less                                : 1

=========================================================================

=========================================================================
*                       Advanced HDL Synthesis                          *
=========================================================================

Analyzing FSM <FSM_0> for best encoding.
Optimizing FSM <State/FSM> on signal <State[1:2]> with gray encoding.
---------------------
 State   | Encoding
---------------------
 idle    | 00
 sending | 01
 done    | 11
---------------------

=========================================================================
Advanced HDL Synthesis Report

Macro Statistics
# FSMs                                                 : 1
# Adders/Subtractors                                   : 1
 32-bit adder                                          : 1
# Registers                                            : 59
 Flip-Flops                                            : 59
# Latches                                              : 4
 1-bit latch                                           : 3
 5-bit latch                                           : 1
# Comparators                                          : 1
 32-bit comparator less                                : 1

=========================================================================

=========================================================================
*                         Low Level Synthesis                           *
=========================================================================

Optimizing unit <RGBtoLED> ...

Optimizing unit <bitSender> ...

Mapping all equations...
Building and optimizing final netlist ...
Found area constraint ratio of 100 (+ 5) on block RGBtoLED, actual ratio is 2.

Final Macro Processing ...

=========================================================================
Final Register Report

Macro Statistics
# Registers                                            : 61
 Flip-Flops                                            : 61

=========================================================================

=========================================================================
*                           Partition Report                            *
=========================================================================

Partition Implementation Status
-------------------------------

  No Partitions were found in this design.

-------------------------------

=========================================================================
*                            Final Report                               *
=========================================================================
Final Results
RTL Top Level Output File Name     : RGBtoLED.ngr
Top Level Output File Name         : RGBtoLED
Output Format                      : NGC
Optimization Goal                  : Speed
Keep Hierarchy                     : No

Design Statistics
# IOs                              : 30

Cell Usage :
# BELS                             : 270
#      GND                         : 1
#      INV                         : 3
#      LUT1                        : 31
#      LUT2                        : 56
#      LUT2_D                      : 1
#      LUT2_L                      : 2
#      LUT3                        : 12
#      LUT4                        : 79
#      LUT4_D                      : 3
#      LUT4_L                      : 3
#      MUXCY                       : 40
#      MUXF5                       : 6
#      VCC                         : 1
#      XORCY                       : 32
# FlipFlops/Latches                : 69
#      FDCE                        : 33
#      FDCPE                       : 25
#      FDE                         : 3
#      LDC                         : 4
#      LDE                         : 3
#      LDP                         : 1
# Clock Buffers                    : 2
#      BUFG                        : 1
#      BUFGP                       : 1
# IO Buffers                       : 29
#      IBUF                        : 27
#      OBUF                        : 2
=========================================================================

Device utilization summary:
---------------------------

Selected Device : 3s500efg320-4 

 Number of Slices:                      104  out of   4656     2%  
 Number of Slice Flip Flops:             69  out of   9312     0%  
 Number of 4 input LUTs:                190  out of   9312     2%  
 Number of IOs:                          30
 Number of bonded IOBs:                  30  out of    232    12%  
 Number of GCLKs:                         2  out of     24     8%  

---------------------------
Partition Resource Summary:
---------------------------

  No Partitions were found in this design.

---------------------------


=========================================================================
TIMING REPORT

NOTE: THESE TIMING NUMBERS ARE ONLY A SYNTHESIS ESTIMATE.
      FOR ACCURATE TIMING INFORMATION PLEASE REFER TO THE TRACE REPORT
      GENERATED AFTER PLACE-and-ROUTE.

Clock Information:
------------------
-----------------------------------+------------------------+-------+
Clock Signal                       | Clock buffer(FF name)  | Load  |
-----------------------------------+------------------------+-------+
clk                                | BUFGP                  | 61    |
en                                 | IBUF+BUFG              | 8     |
-----------------------------------+------------------------+-------+

Asynchronous Control Signals Information:
----------------------------------------
-----------------------------------------------+------------------------+-------+
Control Signal                                 | Buffer(FF name)        | Load  |
-----------------------------------------------+------------------------+-------+
reset                                          | IBUF                   | 38    |
colourData_0_and0000(colourData_0_and00001:O)  | NONE(colourData_0)     | 1     |
colourData_0_and0001(colourData_0_and00011:O)  | NONE(colourData_0)     | 1     |
colourData_10_and0000(colourData_10_and00001:O)| NONE(colourData_10)    | 1     |
colourData_10_and0001(colourData_10_and00011:O)| NONE(colourData_10)    | 1     |
colourData_11_and0000(colourData_11_and00001:O)| NONE(colourData_11)    | 1     |
colourData_11_and0001(colourData_11_and00011:O)| NONE(colourData_11)    | 1     |
colourData_12_and0000(colourData_12_and00001:O)| NONE(colourData_12)    | 1     |
colourData_12_and0001(colourData_12_and00011:O)| NONE(colourData_12)    | 1     |
colourData_13_and0000(colourData_13_and00001:O)| NONE(colourData_13)    | 1     |
colourData_13_and0001(colourData_13_and00011:O)| NONE(colourData_13)    | 1     |
colourData_14_and0000(colourData_14_and00001:O)| NONE(colourData_14)    | 1     |
colourData_14_and0001(colourData_14_and00011:O)| NONE(colourData_14)    | 1     |
colourData_15_and0000(colourData_15_and00001:O)| NONE(colourData_15)    | 1     |
colourData_15_and0001(colourData_15_and00011:O)| NONE(colourData_15)    | 1     |
colourData_16_and0000(colourData_16_and00001:O)| NONE(colourData_16)    | 1     |
colourData_16_and0001(colourData_16_and00011:O)| NONE(colourData_16)    | 1     |
colourData_17_and0000(colourData_17_and00001:O)| NONE(colourData_17)    | 1     |
colourData_17_and0001(colourData_17_and00011:O)| NONE(colourData_17)    | 1     |
colourData_18_and0000(colourData_18_and00001:O)| NONE(colourData_18)    | 1     |
colourData_18_and0001(colourData_18_and00011:O)| NONE(colourData_18)    | 1     |
colourData_19_and0000(colourData_19_and00001:O)| NONE(colourData_19)    | 1     |
colourData_19_and0001(colourData_19_and00011:O)| NONE(colourData_19)    | 1     |
colourData_1_and0000(colourData_1_and00001:O)  | NONE(colourData_1)     | 1     |
colourData_1_and0001(colourData_1_and00011:O)  | NONE(colourData_1)     | 1     |
colourData_20_and0000(colourData_20_and00001:O)| NONE(colourData_20)    | 1     |
colourData_20_and0001(colourData_20_and00011:O)| NONE(colourData_20)    | 1     |
colourData_21_and0000(colourData_21_and00001:O)| NONE(colourData_21)    | 1     |
colourData_21_and0001(colourData_21_and00011:O)| NONE(colourData_21)    | 1     |
colourData_22_and0000(colourData_22_and00001:O)| NONE(colourData_22)    | 1     |
colourData_22_and0001(colourData_22_and00011:O)| NONE(colourData_22)    | 1     |
colourData_23_and0000(colourData_23_and00001:O)| NONE(colourData_23)    | 1     |
colourData_23_and0001(colourData_23_and00011:O)| NONE(colourData_23)    | 1     |
colourData_2_and0000(colourData_2_and00001:O)  | NONE(colourData_2)     | 1     |
colourData_2_and0001(colourData_2_and00011:O)  | NONE(colourData_2)     | 1     |
colourData_3_and0000(colourData_3_and00001:O)  | NONE(colourData_3)     | 1     |
colourData_3_and0001(colourData_3_and00011:O)  | NONE(colourData_3)     | 1     |
colourData_4_and0000(colourData_4_and00001:O)  | NONE(colourData_4)     | 1     |
colourData_4_and0001(colourData_4_and00011:O)  | NONE(colourData_4)     | 1     |
colourData_5_and0000(colourData_5_and00001:O)  | NONE(colourData_5)     | 1     |
colourData_5_and0001(colourData_5_and00011:O)  | NONE(colourData_5)     | 1     |
colourData_6_and0000(colourData_6_and00001:O)  | NONE(colourData_6)     | 1     |
colourData_6_and0001(colourData_6_and00011:O)  | NONE(colourData_6)     | 1     |
colourData_7_and0000(colourData_7_and00001:O)  | NONE(colourData_7)     | 1     |
colourData_7_and0001(colourData_7_and00011:O)  | NONE(colourData_7)     | 1     |
colourData_8_and0000(colourData_8_and00001:O)  | NONE(colourData_8)     | 1     |
colourData_8_and0001(colourData_8_and00011:O)  | NONE(colourData_8)     | 1     |
colourData_9_and0000(colourData_9_and00001:O)  | NONE(colourData_9)     | 1     |
colourData_9_and0001(colourData_9_and00011:O)  | NONE(colourData_9)     | 1     |
currentBit_and0000(currentBit_and00001:O)      | NONE(currentBit)       | 1     |
currentBit_and0001(currentBit_and00011:O)      | NONE(currentBit)       | 1     |
-----------------------------------------------+------------------------+-------+

Timing Summary:
---------------
Speed Grade: -4

   Minimum period: 7.326ns (Maximum Frequency: 136.502MHz)
   Minimum input arrival time before clock: 6.398ns
   Maximum output required time after clock: 4.368ns
   Maximum combinational path delay: No path found

Timing Detail:
--------------
All values displayed in nanoseconds (ns)

=========================================================================
Timing constraint: Default period analysis for Clock 'clk'
  Clock period: 7.326ns (frequency: 136.502MHz)
  Total number of paths / destination ports: 2771 / 61
-------------------------------------------------------------------------
Delay:               7.326ns (Levels of Logic = 12)
  Source:            sentNum_4 (FF)
  Destination:       sentNum_0 (FF)
  Source Clock:      clk rising
  Destination Clock: clk rising

  Data Path: sentNum_4 to sentNum_0
                                Gate     Net
    Cell:in->out      fanout   Delay   Delay  Logical Name (Net Name)
    ----------------------------------------  ------------
     FDCE:C->Q            12   0.591   1.040  sentNum_4 (sentNum_4)
     LUT2:I1->O            1   0.704   0.000  Mcompar_State_cmp_lt0000_lut<0> (Mcompar_State_cmp_lt0000_lut<0>)
     MUXCY:S->O            1   0.464   0.000  Mcompar_State_cmp_lt0000_cy<0> (Mcompar_State_cmp_lt0000_cy<0>)
     MUXCY:CI->O           1   0.059   0.000  Mcompar_State_cmp_lt0000_cy<1> (Mcompar_State_cmp_lt0000_cy<1>)
     MUXCY:CI->O           1   0.059   0.000  Mcompar_State_cmp_lt0000_cy<2> (Mcompar_State_cmp_lt0000_cy<2>)
     MUXCY:CI->O           1   0.059   0.000  Mcompar_State_cmp_lt0000_cy<3> (Mcompar_State_cmp_lt0000_cy<3>)
     MUXCY:CI->O           1   0.059   0.000  Mcompar_State_cmp_lt0000_cy<4> (Mcompar_State_cmp_lt0000_cy<4>)
     MUXCY:CI->O           1   0.059   0.000  Mcompar_State_cmp_lt0000_cy<5> (Mcompar_State_cmp_lt0000_cy<5>)
     MUXCY:CI->O           1   0.059   0.000  Mcompar_State_cmp_lt0000_cy<6> (Mcompar_State_cmp_lt0000_cy<6>)
     MUXCY:CI->O           1   0.059   0.000  Mcompar_State_cmp_lt0000_cy<7> (Mcompar_State_cmp_lt0000_cy<7>)
     MUXCY:CI->O           6   0.459   0.673  Mcompar_State_cmp_lt0000_cy<8> (Mcompar_State_cmp_lt0000_cy<8>)
     LUT4_D:I3->O         31   0.704   1.266  sentNum_mux0000<0>11 (N01)
     LUT4:I3->O            1   0.704   0.000  sentNum_mux0000<9>1 (sentNum_mux0000<9>)
     FDCE:D                    0.308          sentNum_22
    ----------------------------------------
    Total                      7.326ns (4.347ns logic, 2.979ns route)
                                       (59.3% logic, 40.7% route)

=========================================================================
Timing constraint: Default period analysis for Clock 'en'
  Clock period: 2.770ns (frequency: 361.011MHz)
  Total number of paths / destination ports: 26 / 8
-------------------------------------------------------------------------
Delay:               2.770ns (Levels of Logic = 2)
  Source:            sender/State_0 (LATCH)
  Destination:       sender/bitToSend (LATCH)
  Source Clock:      en falling
  Destination Clock: en falling

  Data Path: sender/State_0 to sender/bitToSend
                                Gate     Net
    Cell:in->out      fanout   Delay   Delay  Logical Name (Net Name)
    ----------------------------------------  ------------
     LDP:G->Q              8   0.676   0.761  sender/State_0 (sender/State_0)
     LUT4:I3->O            1   0.704   0.000  sender/bitToSend_mux0002_F (N49)
     MUXF5:I0->O           1   0.321   0.000  sender/bitToSend_mux0002 (sender/bitToSend_mux0002)
     LDE:D                     0.308          sender/bitToSend
    ----------------------------------------
    Total                      2.770ns (2.009ns logic, 0.761ns route)
                                       (72.5% logic, 27.5% route)

=========================================================================
Timing constraint: Default OFFSET IN BEFORE for Clock 'clk'
  Total number of paths / destination ports: 182 / 122
-------------------------------------------------------------------------
Offset:              6.398ns (Levels of Logic = 4)
  Source:            wr (PAD)
  Destination:       sentNum_0 (FF)
  Destination Clock: clk rising

  Data Path: wr to sentNum_0
                                Gate     Net
    Cell:in->out      fanout   Delay   Delay  Logical Name (Net Name)
    ----------------------------------------  ------------
     IBUF:I->O             9   1.218   0.899  wr_IBUF (wr_IBUF)
     LUT2:I1->O            1   0.704   0.595  sentNum_mux0000<0>211_SW0 (N39)
     LUT4_D:I0->O         31   0.704   1.266  sentNum_mux0000<0>11 (N01)
     LUT4:I3->O            1   0.704   0.000  sentNum_mux0000<9>1 (sentNum_mux0000<9>)
     FDCE:D                    0.308          sentNum_22
    ----------------------------------------
    Total                      6.398ns (3.638ns logic, 2.760ns route)
                                       (56.9% logic, 43.1% route)

=========================================================================
Timing constraint: Default OFFSET IN BEFORE for Clock 'en'
  Total number of paths / destination ports: 3 / 3
-------------------------------------------------------------------------
Offset:              4.289ns (Levels of Logic = 2)
  Source:            reset (PAD)
  Destination:       sender/sent (LATCH)
  Destination Clock: en falling

  Data Path: reset to sender/sent
                                Gate     Net
    Cell:in->out      fanout   Delay   Delay  Logical Name (Net Name)
    ----------------------------------------  ------------
     IBUF:I->O            90   1.218   1.281  reset_IBUF (reset_IBUF)
     INV:I->O              3   0.704   0.531  sender/bitToSend_0_not00001_INV_0 (sender/bitToSend_0_not0000)
     LDE:GE                    0.555          sender/bitToSend
    ----------------------------------------
    Total                      4.289ns (2.477ns logic, 1.812ns route)
                                       (57.8% logic, 42.2% route)

=========================================================================
Timing constraint: Default OFFSET OUT AFTER for Clock 'clk'
  Total number of paths / destination ports: 1 / 1
-------------------------------------------------------------------------
Offset:              4.310ns (Levels of Logic = 1)
  Source:            rdy (FF)
  Destination:       rdy (PAD)
  Source Clock:      clk rising

  Data Path: rdy to rdy
                                Gate     Net
    Cell:in->out      fanout   Delay   Delay  Logical Name (Net Name)
    ----------------------------------------  ------------
     FDE:C->Q              2   0.591   0.447  rdy (rdy_OBUF)
     OBUF:I->O                 3.272          rdy_OBUF (rdy)
    ----------------------------------------
    Total                      4.310ns (3.863ns logic, 0.447ns route)
                                       (89.6% logic, 10.4% route)

=========================================================================
Timing constraint: Default OFFSET OUT AFTER for Clock 'en'
  Total number of paths / destination ports: 1 / 1
-------------------------------------------------------------------------
Offset:              4.368ns (Levels of Logic = 1)
  Source:            sender/output (LATCH)
  Destination:       dout (PAD)
  Source Clock:      en falling

  Data Path: sender/output to dout
                                Gate     Net
    Cell:in->out      fanout   Delay   Delay  Logical Name (Net Name)
    ----------------------------------------  ------------
     LDE:G->Q              1   0.676   0.420  sender/output (sender/output)
     OBUF:I->O                 3.272          dout_OBUF (dout)
    ----------------------------------------
    Total                      4.368ns (3.948ns logic, 0.420ns route)
                                       (90.4% logic, 9.6% route)

=========================================================================


Total REAL time to Xst completion: 3.00 secs
Total CPU time to Xst completion: 3.09 secs
 
--> 

Total memory usage is 4514104 kilobytes

Number of errors   :    0 (   0 filtered)
Number of warnings :   10 (   0 filtered)
Number of infos    :    2 (   0 filtered)

